# JRE version: OpenJDK Runtime Environment Microsoft-10377968 (21.0.5+11) (build 21.0.5+11-LTS)
# Java VM: OpenJDK 64-Bit Server VM Microsoft-10377968 (21.0.5+11-LTS, mixed mode, sharing, tiered, compressed oops, compressed class ptrs, g1 gc, windows-amd64)
GC Precious Log:
 CardTable entry size: 512
 Card Set container configuration: InlinePtr #cards 5 size 8 Array Of Cards #cards 12 size 40 Howl #buckets 4 coarsen threshold 1843 Howl Bitmap #cards 512 size 80 coarsen threshold 460 Card regions per heap region 1 cards per card region 2048
 CPUs: 12 total, 12 available
 Memory: 15741M
 Large Page Support: Disabled
 NUMA Support: Disabled
 Compressed Oops: Enabled (32-bit)
 Heap Region Size: 1M
 Heap Min Capacity: 8M
 Heap Initial Capacity: 246M
 Heap Max Capacity: 2G
 Pre-touch: Disabled
 Parallel Workers: 10
 Concurrent Workers: 3
 Concurrent Refinement Workers: 10
 Periodic GC: Disabled
Heap:
 garbage-first heap   total 375808K, used 313230K [0x0000000080000000, 0x0000000100000000)
  region size 1024K, 129 young (132096K), 6 survivors (6144K)
 Metaspace       used 170048K, committed 172992K, reserved 622592K
  class space    used 21139K, committed 22592K, reserved 425984K
GC Heap History (20 events):
Event: 42.832 GC heap before
{Heap before GC invocations=94 (full 0):
 garbage-first heap   total 343040K, used 321991K [0x0000000080000000, 0x0000000100000000)
  region size 1024K, 182 young (186368K), 2 survivors (2048K)
 Metaspace       used 147429K, committed 150208K, reserved 557056K
  class space    used 18472K, committed 19840K, reserved 425984K
}
Event: 42.835 GC heap after
{Heap after GC invocations=95 (full 0):
 garbage-first heap   total 343040K, used 133306K [0x0000000080000000, 0x0000000100000000)
  region size 1024K, 3 young (3072K), 3 survivors (3072K)
 Metaspace       used 147429K, committed 150208K, reserved 557056K
  class space    used 18472K, committed 19840K, reserved 425984K
}
Event: 43.108 GC heap before
{Heap before GC invocations=95 (full 0):
 garbage-first heap   total 343040K, used 320698K [0x0000000080000000, 0x0000000100000000)
  region size 1024K, 186 young (190464K), 3 survivors (3072K)
 Metaspace       used 147429K, committed 150208K, reserved 557056K
  class space    used 18472K, committed 19840K, reserved 425984K
}
Event: 43.111 GC heap after
{Heap after GC invocations=96 (full 0):
 garbage-first heap   total 343040K, used 134002K [0x0000000080000000, 0x0000000100000000)
  region size 1024K, 4 young (4096K), 4 survivors (4096K)
 Metaspace       used 147429K, committed 150208K, reserved 557056K
  class space    used 18472K, committed 19840K, reserved 425984K
}
Event: 43.509 GC heap before
{Heap before GC invocations=97 (full 0):
 garbage-first heap   total 343040K, used 323442K [0x0000000080000000, 0x0000000100000000)
  region size 1024K, 185 young (189440K), 4 survivors (4096K)
 Metaspace       used 147429K, committed 150208K, reserved 557056K
  class space    used 18472K, committed 19840K, reserved 425984K
}
Event: 43.511 GC heap after
{Heap after GC invocations=98 (full 0):
 garbage-first heap   total 343040K, used 133031K [0x0000000080000000, 0x0000000100000000)
  region size 1024K, 3 young (3072K), 3 survivors (3072K)
 Metaspace       used 147429K, committed 150208K, reserved 557056K
  class space    used 18472K, committed 19840K, reserved 425984K
}
Event: 43.978 GC heap before
{Heap before GC invocations=98 (full 0):
 garbage-first heap   total 343040K, used 320423K [0x0000000080000000, 0x0000000100000000)
  region size 1024K, 186 young (190464K), 3 survivors (3072K)
 Metaspace       used 147429K, committed 150208K, reserved 557056K
  class space    used 18472K, committed 19840K, reserved 425984K
}
Event: 43.983 GC heap after
{Heap after GC invocations=99 (full 0):
 garbage-first heap   total 343040K, used 132816K [0x0000000080000000, 0x0000000100000000)
  region size 1024K, 5 young (5120K), 5 survivors (5120K)
 Metaspace       used 147429K, committed 150208K, reserved 557056K
  class space    used 18472K, committed 19840K, reserved 425984K
}
Event: 44.425 GC heap before
{Heap before GC invocations=99 (full 0):
 garbage-first heap   total 343040K, used 291536K [0x0000000080000000, 0x0000000100000000)
  region size 1024K, 161 young (164864K), 5 survivors (5120K)
 Metaspace       used 147946K, committed 150784K, reserved 622592K
  class space    used 18543K, committed 19968K, reserved 425984K
}
Event: 44.427 GC heap after
{Heap after GC invocations=100 (full 0):
 garbage-first heap   total 343040K, used 125139K [0x0000000080000000, 0x0000000100000000)
  region size 1024K, 1 young (1024K), 1 survivors (1024K)
 Metaspace       used 147946K, committed 150784K, reserved 622592K
  class space    used 18543K, committed 19968K, reserved 425984K
}
Event: 46.141 GC heap before
{Heap before GC invocations=101 (full 0):
 garbage-first heap   total 343040K, used 341203K [0x0000000080000000, 0x0000000100000000)
  region size 1024K, 178 young (182272K), 1 survivors (1024K)
 Metaspace       used 152107K, committed 154944K, reserved 622592K
  class space    used 19092K, committed 20480K, reserved 425984K
}
Event: 46.158 GC heap after
{Heap after GC invocations=102 (full 0):
 garbage-first heap   total 371712K, used 173679K [0x0000000080000000, 0x0000000100000000)
  region size 1024K, 25 young (25600K), 25 survivors (25600K)
 Metaspace       used 152107K, committed 154944K, reserved 622592K
  class space    used 19092K, committed 20480K, reserved 425984K
}
Event: 48.526 GC heap before
{Heap before GC invocations=102 (full 0):
 garbage-first heap   total 371712K, used 326255K [0x0000000080000000, 0x0000000100000000)
  region size 1024K, 174 young (178176K), 25 survivors (25600K)
 Metaspace       used 162853K, committed 165824K, reserved 622592K
  class space    used 20333K, committed 21824K, reserved 425984K
}
Event: 48.542 GC heap after
{Heap after GC invocations=103 (full 0):
 garbage-first heap   total 375808K, used 191882K [0x0000000080000000, 0x0000000100000000)
  region size 1024K, 18 young (18432K), 18 survivors (18432K)
 Metaspace       used 162853K, committed 165824K, reserved 622592K
  class space    used 20333K, committed 21824K, reserved 425984K
}
Event: 49.258 GC heap before
{Heap before GC invocations=103 (full 0):
 garbage-first heap   total 375808K, used 276874K [0x0000000080000000, 0x0000000100000000)
  region size 1024K, 102 young (104448K), 18 survivors (18432K)
 Metaspace       used 163170K, committed 166080K, reserved 622592K
  class space    used 20350K, committed 21824K, reserved 425984K
}
Event: 49.266 GC heap after
{Heap after GC invocations=104 (full 0):
 garbage-first heap   total 375808K, used 199711K [0x0000000080000000, 0x0000000100000000)
  region size 1024K, 8 young (8192K), 8 survivors (8192K)
 Metaspace       used 163170K, committed 166080K, reserved 622592K
  class space    used 20350K, committed 21824K, reserved 425984K
}
Event: 50.428 GC heap before
{Heap before GC invocations=105 (full 0):
 garbage-first heap   total 375808K, used 338975K [0x0000000080000000, 0x0000000100000000)
  region size 1024K, 143 young (146432K), 8 survivors (8192K)
 Metaspace       used 164216K, committed 167104K, reserved 622592K
  class space    used 20444K, committed 21888K, reserved 425984K
}
Event: 50.433 GC heap after
{Heap after GC invocations=106 (full 0):
 garbage-first heap   total 375808K, used 201950K [0x0000000080000000, 0x0000000100000000)
  region size 1024K, 11 young (11264K), 11 survivors (11264K)
 Metaspace       used 164216K, committed 167104K, reserved 622592K
  class space    used 20444K, committed 21888K, reserved 425984K
}
Event: 54.913 GC heap before
{Heap before GC invocations=106 (full 0):
 garbage-first heap   total 375808K, used 339166K [0x0000000080000000, 0x0000000100000000)
  region size 1024K, 145 young (148480K), 11 survivors (11264K)
 Metaspace       used 168876K, committed 171840K, reserved 622592K
  class space    used 21021K, committed 22528K, reserved 425984K
}
Event: 54.921 GC heap after
{Heap after GC invocations=107 (full 0):
 garbage-first heap   total 375808K, used 188302K [0x0000000080000000, 0x0000000100000000)
  region size 1024K, 6 young (6144K), 6 survivors (6144K)
 Metaspace       used 168876K, committed 171840K, reserved 622592K
  class space    used 21021K, committed 22528K, reserved 425984K
}

