# JRE version: OpenJDK Runtime Environment Microsoft-10377968 (21.0.5+11) (build 21.0.5+11-LTS)
# Java VM: OpenJDK 64-Bit Server VM Microsoft-10377968 (21.0.5+11-LTS, mixed mode, sharing, tiered, compressed oops, compressed class ptrs, g1 gc, windows-amd64)
GC Precious Log:
 CardTable entry size: 512
 Card Set container configuration: InlinePtr #cards 5 size 8 Array Of Cards #cards 12 size 40 Howl #buckets 4 coarsen threshold 1843 Howl Bitmap #cards 512 size 80 coarsen threshold 460 Card regions per heap region 1 cards per card region 2048
 CPUs: 12 total, 12 available
 Memory: 15741M
 Large Page Support: Disabled
 NUMA Support: Disabled
 Compressed Oops: Enabled (32-bit)
 Heap Region Size: 1M
 Heap Min Capacity: 8M
 Heap Initial Capacity: 246M
 Heap Max Capacity: 2G
 Pre-touch: Disabled
 Parallel Workers: 10
 Concurrent Workers: 3
 Concurrent Refinement Workers: 10
 Periodic GC: Disabled
Heap:
 garbage-first heap   total 352256K, used 247405K [0x0000000080000000, 0x0000000100000000)
  region size 1024K, 88 young (90112K), 12 survivors (12288K)
 Metaspace       used 137217K, committed 139904K, reserved 557056K
  class space    used 17649K, committed 19008K, reserved 425984K
GC Heap History (20 events):
Event: 30.014 GC heap before
{Heap before GC invocations=51 (full 0):
 garbage-first heap   total 304128K, used 258254K [0x0000000080000000, 0x0000000100000000)
  region size 1024K, 99 young (101376K), 16 survivors (16384K)
 Metaspace       used 136066K, committed 138816K, reserved 557056K
  class space    used 17558K, committed 18944K, reserved 425984K
}
Event: 30.041 GC heap after
{Heap after GC invocations=52 (full 0):
 garbage-first heap   total 314368K, used 207259K [0x0000000080000000, 0x0000000100000000)
  region size 1024K, 13 young (13312K), 13 survivors (13312K)
 Metaspace       used 136066K, committed 138816K, reserved 557056K
  class space    used 17558K, committed 18944K, reserved 425984K
}
Event: 31.091 GC heap before
{Heap before GC invocations=52 (full 0):
 garbage-first heap   total 314368K, used 232859K [0x0000000080000000, 0x0000000100000000)
  region size 1024K, 39 young (39936K), 13 survivors (13312K)
 Metaspace       used 136326K, committed 139072K, reserved 557056K
  class space    used 17585K, committed 18944K, reserved 425984K
}
Event: 31.101 GC heap after
{Heap after GC invocations=53 (full 0):
 garbage-first heap   total 314368K, used 213768K [0x0000000080000000, 0x0000000100000000)
  region size 1024K, 5 young (5120K), 5 survivors (5120K)
 Metaspace       used 136326K, committed 139072K, reserved 557056K
  class space    used 17585K, committed 18944K, reserved 425984K
}
Event: 31.561 GC heap before
{Heap before GC invocations=54 (full 0):
 garbage-first heap   total 352256K, used 264968K [0x0000000080000000, 0x0000000100000000)
  region size 1024K, 60 young (61440K), 5 survivors (5120K)
 Metaspace       used 137025K, committed 139776K, reserved 557056K
  class space    used 17644K, committed 19008K, reserved 425984K
}
Event: 31.565 GC heap after
{Heap after GC invocations=55 (full 0):
 garbage-first heap   total 352256K, used 210176K [0x0000000080000000, 0x0000000100000000)
  region size 1024K, 5 young (5120K), 5 survivors (5120K)
 Metaspace       used 137025K, committed 139776K, reserved 557056K
  class space    used 17644K, committed 19008K, reserved 425984K
}
Event: 31.898 GC heap before
{Heap before GC invocations=55 (full 0):
 garbage-first heap   total 352256K, used 293120K [0x0000000080000000, 0x0000000100000000)
  region size 1024K, 87 young (89088K), 5 survivors (5120K)
 Metaspace       used 137049K, committed 139776K, reserved 557056K
  class space    used 17644K, committed 19008K, reserved 425984K
}
Event: 31.904 GC heap after
{Heap after GC invocations=56 (full 0):
 garbage-first heap   total 352256K, used 193691K [0x0000000080000000, 0x0000000100000000)
  region size 1024K, 6 young (6144K), 6 survivors (6144K)
 Metaspace       used 137049K, committed 139776K, reserved 557056K
  class space    used 17644K, committed 19008K, reserved 425984K
}
Event: 32.282 GC heap before
{Heap before GC invocations=56 (full 0):
 garbage-first heap   total 352256K, used 296091K [0x0000000080000000, 0x0000000100000000)
  region size 1024K, 106 young (108544K), 6 survivors (6144K)
 Metaspace       used 137125K, committed 139840K, reserved 557056K
  class space    used 17646K, committed 19008K, reserved 425984K
}
Event: 32.285 GC heap after
{Heap after GC invocations=57 (full 0):
 garbage-first heap   total 352256K, used 194081K [0x0000000080000000, 0x0000000100000000)
  region size 1024K, 6 young (6144K), 6 survivors (6144K)
 Metaspace       used 137125K, committed 139840K, reserved 557056K
  class space    used 17646K, committed 19008K, reserved 425984K
}
Event: 32.687 GC heap before
{Heap before GC invocations=57 (full 0):
 garbage-first heap   total 352256K, used 304673K [0x0000000080000000, 0x0000000100000000)
  region size 1024K, 114 young (116736K), 6 survivors (6144K)
 Metaspace       used 137135K, committed 139840K, reserved 557056K
  class space    used 17646K, committed 19008K, reserved 425984K
}
Event: 32.691 GC heap after
{Heap after GC invocations=58 (full 0):
 garbage-first heap   total 352256K, used 195105K [0x0000000080000000, 0x0000000100000000)
  region size 1024K, 7 young (7168K), 7 survivors (7168K)
 Metaspace       used 137135K, committed 139840K, reserved 557056K
  class space    used 17646K, committed 19008K, reserved 425984K
}
Event: 33.053 GC heap before
{Heap before GC invocations=58 (full 0):
 garbage-first heap   total 352256K, used 312865K [0x0000000080000000, 0x0000000100000000)
  region size 1024K, 122 young (124928K), 7 survivors (7168K)
 Metaspace       used 137156K, committed 139840K, reserved 557056K
  class space    used 17646K, committed 19008K, reserved 425984K
}
Event: 33.057 GC heap after
{Heap after GC invocations=59 (full 0):
 garbage-first heap   total 352256K, used 195876K [0x0000000080000000, 0x0000000100000000)
  region size 1024K, 8 young (8192K), 8 survivors (8192K)
 Metaspace       used 137156K, committed 139840K, reserved 557056K
  class space    used 17646K, committed 19008K, reserved 425984K
}
Event: 33.457 GC heap before
{Heap before GC invocations=59 (full 0):
 garbage-first heap   total 352256K, used 318756K [0x0000000080000000, 0x0000000100000000)
  region size 1024K, 128 young (131072K), 8 survivors (8192K)
 Metaspace       used 137159K, committed 139840K, reserved 557056K
  class space    used 17646K, committed 19008K, reserved 425984K
}
Event: 33.462 GC heap after
{Heap after GC invocations=60 (full 0):
 garbage-first heap   total 352256K, used 196876K [0x0000000080000000, 0x0000000100000000)
  region size 1024K, 9 young (9216K), 9 survivors (9216K)
 Metaspace       used 137159K, committed 139840K, reserved 557056K
  class space    used 17646K, committed 19008K, reserved 425984K
}
Event: 33.798 GC heap before
{Heap before GC invocations=61 (full 0):
 garbage-first heap   total 352256K, used 314636K [0x0000000080000000, 0x0000000100000000)
  region size 1024K, 134 young (137216K), 9 survivors (9216K)
 Metaspace       used 137159K, committed 139840K, reserved 557056K
  class space    used 17646K, committed 19008K, reserved 425984K
}
Event: 33.802 GC heap after
{Heap after GC invocations=62 (full 0):
 garbage-first heap   total 352256K, used 188912K [0x0000000080000000, 0x0000000100000000)
  region size 1024K, 10 young (10240K), 10 survivors (10240K)
 Metaspace       used 137159K, committed 139840K, reserved 557056K
  class space    used 17646K, committed 19008K, reserved 425984K
}
Event: 34.110 GC heap before
{Heap before GC invocations=62 (full 0):
 garbage-first heap   total 352256K, used 323056K [0x0000000080000000, 0x0000000100000000)
  region size 1024K, 141 young (144384K), 10 survivors (10240K)
 Metaspace       used 137203K, committed 139904K, reserved 557056K
  class space    used 17649K, committed 19008K, reserved 425984K
}
Event: 34.117 GC heap after
{Heap after GC invocations=63 (full 0):
 garbage-first heap   total 352256K, used 170605K [0x0000000080000000, 0x0000000100000000)
  region size 1024K, 12 young (12288K), 12 survivors (12288K)
 Metaspace       used 137203K, committed 139904K, reserved 557056K
  class space    used 17649K, committed 19008K, reserved 425984K
}

